<?xml version="1.0" encoding="UTF-8"?>
<testsuite xmlns:xsi="http://www.w3.org/2001/XMLSchema-instance" xsi:noNamespaceSchemaLocation="https://maven.apache.org/surefire/maven-surefire-plugin/xsd/surefire-test-report.xsd" name="osGuri.BestScoresTest" time="0.001" tests="6" errors="0" skipped="0" failures="0">
  <properties>
[...]
</properties>
  <testcase name="adicionaUmJogadorComMaiorScoreTest" classname="osGuri.BestScoresTest" time="0"/>
  <testcase name="maxscoresTest" classname="osGuri.BestScoresTest" time="0"/>
  <testcase name="addJogadorNaoEntraNoPlacarTest" classname="osGuri.BestScoresTest" time="0"/>
  <testcase name="addJogadorEntraNoPlacarTest" classname="osGuri.BestScoresTest" time="0"/>
  <testcase name="adicionaUmJogadorComPiorScoreTest" classname="osGuri.BestScoresTest" time="0"/>
  <testcase name="verificaOrdenacaoTest" classname="osGuri.BestScoresTest" time="0"/>
</testsuite>